<?xml version="1.0" encoding="UTF-8"?>
<!-- Generated by org.testng.reporters.JUnitXMLReporter -->
<testsuite ignored="0" hostname="LAPTOP-TEDJDRV8" failures="7" tests="7" name="Test" time="2.098" errors="0" timestamp="2025-03-26T10:19:52 IST">
  <testcase classname="io.cucumber.testng.AbstractTestNGCucumberTests" name="runScenario" time="0.353">
    <failure type="java.lang.NoClassDefFoundError" message="com/BunnyCart/Browser/Browser">
      <![CDATA[java.lang.NoClassDefFoundError: com/BunnyCart/Browser/Browser
at com.BunnyCart.StepDefinition.Scenario1.user_opens_the_browser(Scenario1.java:14)
at ✽.User opens the Browser(file:///C:/Users/Sathwika/eclipse-workspace/BunnyCart/src/test/resources/com/BunnyCart/Feature/1_CreateAccount.feature:4)
Caused by: java.lang.ClassNotFoundException: com.BunnyCart.Browser.Browser
at java.base/jdk.internal.loader.BuiltinClassLoader.loadClass(BuiltinClassLoader.java:641)
at java.base/jdk.internal.loader.ClassLoaders$AppClassLoader.loadClass(ClassLoaders.java:188)
at java.base/java.lang.ClassLoader.loadClass(ClassLoader.java:520)
... 2 more
]]>
    </failure>
  </testcase> <!-- runScenario -->
  <testcase classname="io.cucumber.testng.AbstractTestNGCucumberTests" name="runScenario" time="0.045">
    <failure type="java.lang.NoClassDefFoundError" message="com/BunnyCart/Browser/Browser">
      <![CDATA[java.lang.NoClassDefFoundError: com/BunnyCart/Browser/Browser
at com.BunnyCart.StepDefinition.Scenario1.user_opens_the_browser(Scenario1.java:14)
at ✽.User opens the Browser(file:///C:/Users/Sathwika/eclipse-workspace/BunnyCart/src/test/resources/com/BunnyCart/Feature/1_CreateAccount.feature:4)
Caused by: java.lang.ClassNotFoundException: com.BunnyCart.Browser.Browser
... 2 more
]]>
    </failure>
  </testcase> <!-- runScenario -->
  <testcase classname="io.cucumber.testng.AbstractTestNGCucumberTests" name="runScenario" time="0.038">
    <failure type="java.lang.NoClassDefFoundError" message="com/BunnyCart/Browser/Browser">
      <![CDATA[java.lang.NoClassDefFoundError: com/BunnyCart/Browser/Browser
at com.BunnyCart.StepDefinition.Scenario1.user_opens_the_browser(Scenario1.java:14)
at ✽.User opens the Browser(file:///C:/Users/Sathwika/eclipse-workspace/BunnyCart/src/test/resources/com/BunnyCart/Feature/2_SignIn_AddtoCart.feature:3)
Caused by: java.lang.ClassNotFoundException: com.BunnyCart.Browser.Browser
... 2 more
]]>
    </failure>
  </testcase> <!-- runScenario -->
  <testcase classname="io.cucumber.testng.AbstractTestNGCucumberTests" name="runScenario" time="0.028">
    <failure type="java.lang.NoClassDefFoundError" message="com/BunnyCart/Browser/Browser">
      <![CDATA[java.lang.NoClassDefFoundError: com/BunnyCart/Browser/Browser
at com.BunnyCart.StepDefinition.Scenario1.user_opens_the_browser(Scenario1.java:14)
at ✽.User opens the Browser(file:///C:/Users/Sathwika/eclipse-workspace/BunnyCart/src/test/resources/com/BunnyCart/Feature/3_SignIn_Valid_Invalid.feature:3)
Caused by: java.lang.ClassNotFoundException: com.BunnyCart.Browser.Browser
... 2 more
]]>
    </failure>
  </testcase> <!-- runScenario -->
  <testcase classname="io.cucumber.testng.AbstractTestNGCucumberTests" name="runScenario" time="0.034">
    <failure type="java.lang.NoClassDefFoundError" message="com/BunnyCart/Browser/Browser">
      <![CDATA[java.lang.NoClassDefFoundError: com/BunnyCart/Browser/Browser
at com.BunnyCart.StepDefinition.Scenario1.user_opens_the_browser(Scenario1.java:14)
at ✽.User opens the Browser(file:///C:/Users/Sathwika/eclipse-workspace/BunnyCart/src/test/resources/com/BunnyCart/Feature/3_SignIn_Valid_Invalid.feature:12)
Caused by: java.lang.ClassNotFoundException: com.BunnyCart.Browser.Browser
... 2 more
]]>
    </failure>
  </testcase> <!-- runScenario -->
  <testcase classname="io.cucumber.testng.AbstractTestNGCucumberTests" name="runScenario" time="0.049">
    <failure type="java.lang.NoClassDefFoundError" message="com/BunnyCart/Browser/Browser">
      <![CDATA[java.lang.NoClassDefFoundError: com/BunnyCart/Browser/Browser
at com.BunnyCart.StepDefinition.Scenario1.user_opens_the_browser(Scenario1.java:14)
at ✽.User opens the Browser(file:///C:/Users/Sathwika/eclipse-workspace/BunnyCart/src/test/resources/com/BunnyCart/Feature/4_MultipleProducts_AddToCart.feature:3)
Caused by: java.lang.ClassNotFoundException: com.BunnyCart.Browser.Browser
... 2 more
]]>
    </failure>
  </testcase> <!-- runScenario -->
  <testcase classname="io.cucumber.testng.AbstractTestNGCucumberTests" name="runScenario" time="0.047">
    <failure type="java.lang.NoClassDefFoundError" message="com/BunnyCart/Browser/Browser">
      <![CDATA[java.lang.NoClassDefFoundError: com/BunnyCart/Browser/Browser
at com.BunnyCart.StepDefinition.Scenario1.user_opens_the_browser(Scenario1.java:14)
at ✽.User opens the Browser(file:///C:/Users/Sathwika/eclipse-workspace/BunnyCart/src/test/resources/com/BunnyCart/Feature/5_SignOut.feature:3)
Caused by: java.lang.ClassNotFoundException: com.BunnyCart.Browser.Browser
... 2 more
]]>
    </failure>
  </testcase> <!-- runScenario -->
</testsuite> <!-- Test -->
