<?xml version="1.0" encoding="UTF-8"?>
<!-- Generated by org.testng.reporters.JUnitReportReporter -->
<testsuite hostname="LAPTOP-TEDJDRV8" failures="0" tests="1" name="com.BunnyCart.TestRunner.BunnyCartDemo2" time="0.038" errors="1" timestamp="2025-03-26T10:19:53 IST" skipped="0">
  <testcase classname="com.BunnyCart.TestRunner.BunnyCartDemo2" name="runScenario" time="0.038">
    <error message="com/BunnyCart/Browser/Browser" type="java.lang.NoClassDefFoundError">
      <![CDATA[java.lang.NoClassDefFoundError: com/BunnyCart/Browser/Browser
at com.BunnyCart.StepDefinition.Scenario1.user_opens_the_browser(Scenario1.java:14)
at âœ½.User opens the Browser(file:///C:/Users/Sathwika/eclipse-workspace/BunnyCart/src/test/resources/com/BunnyCart/Feature/2_SignIn_AddtoCart.feature:3)
Caused by: java.lang.ClassNotFoundException: com.BunnyCart.Browser.Browser
... 2 more
]]>
    </error>
  </testcase> <!-- runScenario -->
</testsuite> <!-- com.BunnyCart.TestRunner.BunnyCartDemo2 -->
